======================================================================
PREPARE WFLOW FORCING FILE - DJIBOUTI (OPTIMIZED)
======================================================================

Input directories:
  CHIRPS: /mnt/hydromt_data/bdi_trail2/dr_case2/02_Djibouti_2021_2023/data/chirps/daily
  ERA5: /mnt/hydromt_data/bdi_trail2/dr_case2/02_Djibouti_2021_2023/data/era5

Output file: /mnt/hydromt_data/bdi_trail2/dr_case2/data/input/forcing.nc

======================================================================
LOADING DATA WITH DASK (LAZY LOADING)
======================================================================

[1/3] Loading CHIRPS precipitation (lazy)...
  Found 1064 CHIRPS files
  Processing in chunks of 50 files...
  Chunk 1/22...
  Chunk 2/22...
  Chunk 3/22...
  Chunk 4/22...
  Chunk 5/22...
  Chunk 6/22...
  Chunk 7/22...
  Chunk 8/22...
  Chunk 9/22...
  Chunk 10/22...
  Chunk 11/22...
  Chunk 12/22...
  Chunk 13/22...
  Chunk 14/22...
  Chunk 15/22...
  Chunk 16/22...
  Chunk 17/22...
  Chunk 18/22...
  Chunk 19/22...
  Chunk 20/22...
  Chunk 21/22...
  Chunk 22/22...
  Final concatenation...
  ✓ CHIRPS loaded: (1064, 1600, 1500)

[2/3] Loading ERA5 temperature...
  ✓ Temperature: (1095, 8, 9)

[3/3] Loading ERA5 PET...
  ✓ PET: (1095, 8, 9)

======================================================================
INTERPOLATING TO COMMON GRID
======================================================================
  Interpolating temperature...
Traceback (most recent call last):
  File "/mnt/hydromt_data/bdi_trail2/dr_case2/scripts/prepare_forcing_optimized.py", line 145, in <module>
    ).rename({'latitude': 'y', 'longitude': 'x'})
      ^^^^^^^^^^^^^^^^^^^^^^^^^^^^^^^^^^^^^^^^^^^
  File "/home/sa_112011641038004689892/.local/lib/python3.11/site-packages/xarray/core/dataarray.py", line 2594, in rename
    dataset = self._to_temp_dataset()._rename(name_dict)
              ^^^^^^^^^^^^^^^^^^^^^^^^^^^^^^^^^^^^^^^^^^
  File "/home/sa_112011641038004689892/.local/lib/python3.11/site-packages/xarray/core/dataset.py", line 4206, in _rename
    variables, coord_names, dims, indexes = self._rename_all(
                                            ^^^^^^^^^^^^^^^^^
  File "/home/sa_112011641038004689892/.local/lib/python3.11/site-packages/xarray/core/dataset.py", line 4158, in _rename_all
    variables, coord_names = self._rename_vars(name_dict, dims_dict)
                             ^^^^^^^^^^^^^^^^^^^^^^^^^^^^^^^^^^^^^^^
  File "/home/sa_112011641038004689892/.local/lib/python3.11/site-packages/xarray/core/dataset.py", line 4118, in _rename_vars
    raise ValueError(f"the new name {name!r} conflicts")
ValueError: the new name 'y' conflicts
